0 info it worked if it ends with ok
1 verbose cli [ '/usr/bin/node', '/usr/bin/npm', 'install' ]
2 info using npm@1.4.28
3 info using node@v0.10.37
4 verbose node symlink /usr/bin/node
5 warn package.json ionic-project@1.0.0 No repository field.
6 verbose readDependencies using package.json deps
7 verbose install where, deps [ '/home/openovate-jernon/projects/camera',
7 verbose install   [ 'gulp',
7 verbose install     'gulp-sass',
7 verbose install     'gulp-concat',
7 verbose install     'gulp-minify-css',
7 verbose install     'gulp-rename' ] ]
8 info preinstall ionic-project@1.0.0
9 verbose readDependencies using package.json deps
10 verbose cache add [ 'gulp-sass@^0.7.1', null ]
11 verbose cache add name=undefined spec="gulp-sass@^0.7.1" args=["gulp-sass@^0.7.1",null]
12 verbose parsed url { protocol: null,
12 verbose parsed url   slashes: null,
12 verbose parsed url   auth: null,
12 verbose parsed url   host: null,
12 verbose parsed url   port: null,
12 verbose parsed url   hostname: null,
12 verbose parsed url   hash: null,
12 verbose parsed url   search: null,
12 verbose parsed url   query: null,
12 verbose parsed url   pathname: 'gulp-sass@^0.7.1',
12 verbose parsed url   path: 'gulp-sass@^0.7.1',
12 verbose parsed url   href: 'gulp-sass@^0.7.1' }
13 verbose cache add [ 'gulp-concat@^2.2.0', null ]
14 verbose cache add name=undefined spec="gulp-concat@^2.2.0" args=["gulp-concat@^2.2.0",null]
15 verbose parsed url { protocol: null,
15 verbose parsed url   slashes: null,
15 verbose parsed url   auth: null,
15 verbose parsed url   host: null,
15 verbose parsed url   port: null,
15 verbose parsed url   hostname: null,
15 verbose parsed url   hash: null,
15 verbose parsed url   search: null,
15 verbose parsed url   query: null,
15 verbose parsed url   pathname: 'gulp-concat@^2.2.0',
15 verbose parsed url   path: 'gulp-concat@^2.2.0',
15 verbose parsed url   href: 'gulp-concat@^2.2.0' }
16 verbose cache add [ 'gulp-minify-css@^0.3.0', null ]
17 verbose cache add name=undefined spec="gulp-minify-css@^0.3.0" args=["gulp-minify-css@^0.3.0",null]
18 verbose parsed url { protocol: null,
18 verbose parsed url   slashes: null,
18 verbose parsed url   auth: null,
18 verbose parsed url   host: null,
18 verbose parsed url   port: null,
18 verbose parsed url   hostname: null,
18 verbose parsed url   hash: null,
18 verbose parsed url   search: null,
18 verbose parsed url   query: null,
18 verbose parsed url   pathname: 'gulp-minify-css@^0.3.0',
18 verbose parsed url   path: 'gulp-minify-css@^0.3.0',
18 verbose parsed url   href: 'gulp-minify-css@^0.3.0' }
19 verbose cache add [ 'gulp-rename@^1.2.0', null ]
20 verbose cache add name=undefined spec="gulp-rename@^1.2.0" args=["gulp-rename@^1.2.0",null]
21 verbose parsed url { protocol: null,
21 verbose parsed url   slashes: null,
21 verbose parsed url   auth: null,
21 verbose parsed url   host: null,
21 verbose parsed url   port: null,
21 verbose parsed url   hostname: null,
21 verbose parsed url   hash: null,
21 verbose parsed url   search: null,
21 verbose parsed url   query: null,
21 verbose parsed url   pathname: 'gulp-rename@^1.2.0',
21 verbose parsed url   path: 'gulp-rename@^1.2.0',
21 verbose parsed url   href: 'gulp-rename@^1.2.0' }
22 verbose cache add [ 'gulp@^3.5.6', null ]
23 verbose cache add name=undefined spec="gulp@^3.5.6" args=["gulp@^3.5.6",null]
24 verbose parsed url { protocol: null,
24 verbose parsed url   slashes: null,
24 verbose parsed url   auth: null,
24 verbose parsed url   host: null,
24 verbose parsed url   port: null,
24 verbose parsed url   hostname: null,
24 verbose parsed url   hash: null,
24 verbose parsed url   search: null,
24 verbose parsed url   query: null,
24 verbose parsed url   pathname: 'gulp@^3.5.6',
24 verbose parsed url   path: 'gulp@^3.5.6',
24 verbose parsed url   href: 'gulp@^3.5.6' }
25 verbose cache add name="gulp-sass" spec="^0.7.1" args=["gulp-sass","^0.7.1"]
26 verbose parsed url { protocol: null,
26 verbose parsed url   slashes: null,
26 verbose parsed url   auth: null,
26 verbose parsed url   host: null,
26 verbose parsed url   port: null,
26 verbose parsed url   hostname: null,
26 verbose parsed url   hash: null,
26 verbose parsed url   search: null,
26 verbose parsed url   query: null,
26 verbose parsed url   pathname: '^0.7.1',
26 verbose parsed url   path: '^0.7.1',
26 verbose parsed url   href: '^0.7.1' }
27 verbose addNamed [ 'gulp-sass', '^0.7.1' ]
28 verbose addNamed [ null, '>=0.7.1-0 <0.8.0-0' ]
29 verbose cache add name="gulp-concat" spec="^2.2.0" args=["gulp-concat","^2.2.0"]
30 verbose parsed url { protocol: null,
30 verbose parsed url   slashes: null,
30 verbose parsed url   auth: null,
30 verbose parsed url   host: null,
30 verbose parsed url   port: null,
30 verbose parsed url   hostname: null,
30 verbose parsed url   hash: null,
30 verbose parsed url   search: null,
30 verbose parsed url   query: null,
30 verbose parsed url   pathname: '^2.2.0',
30 verbose parsed url   path: '^2.2.0',
30 verbose parsed url   href: '^2.2.0' }
31 verbose addNamed [ 'gulp-concat', '^2.2.0' ]
32 verbose addNamed [ null, '>=2.2.0-0 <3.0.0-0' ]
33 verbose cache add name="gulp-minify-css" spec="^0.3.0" args=["gulp-minify-css","^0.3.0"]
34 verbose parsed url { protocol: null,
34 verbose parsed url   slashes: null,
34 verbose parsed url   auth: null,
34 verbose parsed url   host: null,
34 verbose parsed url   port: null,
34 verbose parsed url   hostname: null,
34 verbose parsed url   hash: null,
34 verbose parsed url   search: null,
34 verbose parsed url   query: null,
34 verbose parsed url   pathname: '^0.3.0',
34 verbose parsed url   path: '^0.3.0',
34 verbose parsed url   href: '^0.3.0' }
35 verbose addNamed [ 'gulp-minify-css', '^0.3.0' ]
36 verbose addNamed [ null, '>=0.3.0-0 <0.4.0-0' ]
37 verbose cache add name="gulp-rename" spec="^1.2.0" args=["gulp-rename","^1.2.0"]
38 verbose parsed url { protocol: null,
38 verbose parsed url   slashes: null,
38 verbose parsed url   auth: null,
38 verbose parsed url   host: null,
38 verbose parsed url   port: null,
38 verbose parsed url   hostname: null,
38 verbose parsed url   hash: null,
38 verbose parsed url   search: null,
38 verbose parsed url   query: null,
38 verbose parsed url   pathname: '^1.2.0',
38 verbose parsed url   path: '^1.2.0',
38 verbose parsed url   href: '^1.2.0' }
39 verbose addNamed [ 'gulp-rename', '^1.2.0' ]
40 verbose addNamed [ null, '>=1.2.0-0 <2.0.0-0' ]
41 verbose cache add name="gulp" spec="^3.5.6" args=["gulp","^3.5.6"]
42 verbose parsed url { protocol: null,
42 verbose parsed url   slashes: null,
42 verbose parsed url   auth: null,
42 verbose parsed url   host: null,
42 verbose parsed url   port: null,
42 verbose parsed url   hostname: null,
42 verbose parsed url   hash: null,
42 verbose parsed url   search: null,
42 verbose parsed url   query: null,
42 verbose parsed url   pathname: '^3.5.6',
42 verbose parsed url   path: '^3.5.6',
42 verbose parsed url   href: '^3.5.6' }
43 verbose addNamed [ 'gulp', '^3.5.6' ]
44 verbose addNamed [ null, '>=3.5.6-0 <4.0.0-0' ]
45 silly lockFile 77100620-gulp-sass-0-7-1 gulp-sass@^0.7.1
46 verbose lock gulp-sass@^0.7.1 /home/openovate-jernon/.npm/77100620-gulp-sass-0-7-1.lock
47 silly lockFile bade1119-gulp-concat-2-2-0 gulp-concat@^2.2.0
48 verbose lock gulp-concat@^2.2.0 /home/openovate-jernon/.npm/bade1119-gulp-concat-2-2-0.lock
49 silly lockFile 97140670-gulp-minify-css-0-3-0 gulp-minify-css@^0.3.0
50 verbose lock gulp-minify-css@^0.3.0 /home/openovate-jernon/.npm/97140670-gulp-minify-css-0-3-0.lock
51 silly lockFile 31cef36d-gulp-rename-1-2-0 gulp-rename@^1.2.0
52 verbose lock gulp-rename@^1.2.0 /home/openovate-jernon/.npm/31cef36d-gulp-rename-1-2-0.lock
53 silly lockFile 28ac0b1b-gulp-3-5-6 gulp@^3.5.6
54 verbose lock gulp@^3.5.6 /home/openovate-jernon/.npm/28ac0b1b-gulp-3-5-6.lock
55 silly addNameRange { name: 'gulp-sass',
55 silly addNameRange   range: '>=0.7.1-0 <0.8.0-0',
55 silly addNameRange   hasData: false }
56 silly addNameRange { name: 'gulp-concat',
56 silly addNameRange   range: '>=2.2.0-0 <3.0.0-0',
56 silly addNameRange   hasData: false }
57 silly addNameRange { name: 'gulp-minify-css',
57 silly addNameRange   range: '>=0.3.0-0 <0.4.0-0',
57 silly addNameRange   hasData: false }
58 silly addNameRange { name: 'gulp-rename',
58 silly addNameRange   range: '>=1.2.0-0 <2.0.0-0',
58 silly addNameRange   hasData: false }
59 silly addNameRange { name: 'gulp', range: '>=3.5.6-0 <4.0.0-0', hasData: false }
60 verbose request where is /gulp-sass
61 verbose request registry https://registry.npmjs.org/
62 verbose request id 79035a43d94a2c7a
63 verbose url raw /gulp-sass
64 verbose url resolving [ 'https://registry.npmjs.org/', './gulp-sass' ]
65 verbose url resolved https://registry.npmjs.org/gulp-sass
66 verbose request where is https://registry.npmjs.org/gulp-sass
67 info trying registry request attempt 1 at 14:41:47
68 http GET https://registry.npmjs.org/gulp-sass
69 verbose request where is /gulp-minify-css
70 verbose request registry https://registry.npmjs.org/
71 verbose url raw /gulp-minify-css
72 verbose url resolving [ 'https://registry.npmjs.org/', './gulp-minify-css' ]
73 verbose url resolved https://registry.npmjs.org/gulp-minify-css
74 verbose request where is https://registry.npmjs.org/gulp-minify-css
75 info trying registry request attempt 1 at 14:41:47
76 verbose etag "2V2L2T9NE9LGH03YNZ5JO7EVE"
77 http GET https://registry.npmjs.org/gulp-minify-css
78 verbose request where is /gulp
79 verbose request registry https://registry.npmjs.org/
80 verbose url raw /gulp
81 verbose url resolving [ 'https://registry.npmjs.org/', './gulp' ]
82 verbose url resolved https://registry.npmjs.org/gulp
83 verbose request where is https://registry.npmjs.org/gulp
84 info trying registry request attempt 1 at 14:41:47
85 verbose etag "B4WAXAZ7I81KY9W1YCO00MFXZ"
86 http GET https://registry.npmjs.org/gulp
87 verbose request where is /gulp-rename
88 verbose request registry https://registry.npmjs.org/
89 verbose url raw /gulp-rename
90 verbose url resolving [ 'https://registry.npmjs.org/', './gulp-rename' ]
91 verbose url resolved https://registry.npmjs.org/gulp-rename
92 verbose request where is https://registry.npmjs.org/gulp-rename
93 info trying registry request attempt 1 at 14:41:47
94 verbose etag "AYB2OVW9ENLM4E8JA8V3OPS3G"
95 http GET https://registry.npmjs.org/gulp-rename
96 verbose request where is /gulp-concat
97 verbose request registry https://registry.npmjs.org/
98 verbose url raw /gulp-concat
99 verbose url resolving [ 'https://registry.npmjs.org/', './gulp-concat' ]
100 verbose url resolved https://registry.npmjs.org/gulp-concat
101 verbose request where is https://registry.npmjs.org/gulp-concat
102 info trying registry request attempt 1 at 14:41:47
103 verbose etag "9KFQLP9380851XN1DQHUX63RL"
104 http GET https://registry.npmjs.org/gulp-concat
105 http 200 https://registry.npmjs.org/gulp-concat
106 silly registry.get cb [ 200,
106 silly registry.get   { date: 'Thu, 09 Apr 2015 06:41:48 GMT',
106 silly registry.get     server: 'CouchDB/1.5.0 (Erlang OTP/R16B03)',
106 silly registry.get     etag: '"I84UMGEYOCV7J8CFZES9LYCO"',
106 silly registry.get     'content-type': 'application/json',
106 silly registry.get     'cache-control': 'max-age=60',
106 silly registry.get     'content-length': '34785',
106 silly registry.get     'accept-ranges': 'bytes',
106 silly registry.get     via: '1.1 varnish',
106 silly registry.get     age: '7',
106 silly registry.get     'x-served-by': 'cache-hkg6824-HKG',
106 silly registry.get     'x-cache': 'HIT',
106 silly registry.get     'x-cache-hits': '1',
106 silly registry.get     'x-timer': 'S1428561708.308421,VS0,VE0',
106 silly registry.get     vary: 'Accept',
106 silly registry.get     'keep-alive': 'timeout=10, max=50',
106 silly registry.get     connection: 'Keep-Alive' } ]
107 silly addNameRange number 2 { name: 'gulp-concat',
107 silly addNameRange   range: '>=2.2.0-0 <3.0.0-0',
107 silly addNameRange   hasData: true }
108 silly addNameRange versions [ 'gulp-concat',
108 silly addNameRange   [ '0.0.1',
108 silly addNameRange     '1.0.0',
108 silly addNameRange     '1.1.0',
108 silly addNameRange     '2.0.0',
108 silly addNameRange     '2.1.0',
108 silly addNameRange     '2.1.1',
108 silly addNameRange     '2.1.2',
108 silly addNameRange     '2.1.3',
108 silly addNameRange     '2.1.4',
108 silly addNameRange     '2.1.5',
108 silly addNameRange     '2.1.6',
108 silly addNameRange     '2.1.7',
108 silly addNameRange     '2.2.0',
108 silly addNameRange     '2.3.0',
108 silly addNameRange     '2.3.3',
108 silly addNameRange     '2.3.4',
108 silly addNameRange     '2.3.5',
108 silly addNameRange     '2.4.0',
108 silly addNameRange     '2.4.1',
108 silly addNameRange     '2.4.2',
108 silly addNameRange     '2.4.3',
108 silly addNameRange     '2.5.0',
108 silly addNameRange     '2.5.1',
108 silly addNameRange     '2.5.2' ] ]
109 verbose addNamed [ 'gulp-concat', '2.5.2' ]
110 verbose addNamed [ '2.5.2', '2.5.2' ]
111 silly lockFile f86cbda2-gulp-concat-2-5-2 gulp-concat@2.5.2
112 verbose lock gulp-concat@2.5.2 /home/openovate-jernon/.npm/f86cbda2-gulp-concat-2-5-2.lock
113 silly lockFile f86cbda2-gulp-concat-2-5-2 gulp-concat@2.5.2
114 silly lockFile f86cbda2-gulp-concat-2-5-2 gulp-concat@2.5.2
115 silly lockFile bade1119-gulp-concat-2-2-0 gulp-concat@^2.2.0
116 silly lockFile bade1119-gulp-concat-2-2-0 gulp-concat@^2.2.0
117 http 200 https://registry.npmjs.org/gulp
118 silly registry.get cb [ 200,
118 silly registry.get   { date: 'Thu, 09 Apr 2015 06:41:48 GMT',
118 silly registry.get     server: 'CouchDB/1.5.0 (Erlang OTP/R16B03)',
118 silly registry.get     etag: '"2X5ATHA7KRDSCMVJBQXHLHFP7"',
118 silly registry.get     'content-type': 'application/json',
118 silly registry.get     'cache-control': 'max-age=60',
118 silly registry.get     'content-length': '100693',
118 silly registry.get     'accept-ranges': 'bytes',
118 silly registry.get     via: '1.1 varnish',
118 silly registry.get     age: '0',
118 silly registry.get     'x-served-by': 'cache-hkg6823-HKG',
118 silly registry.get     'x-cache': 'HIT',
118 silly registry.get     'x-cache-hits': '1',
118 silly registry.get     'x-timer': 'S1428561708.134054,VS0,VE158',
118 silly registry.get     vary: 'Accept',
118 silly registry.get     'keep-alive': 'timeout=10, max=50',
118 silly registry.get     connection: 'Keep-Alive' } ]
119 silly addNameRange number 2 { name: 'gulp', range: '>=3.5.6-0 <4.0.0-0', hasData: true }
120 silly addNameRange versions [ 'gulp',
120 silly addNameRange   [ '0.0.1',
120 silly addNameRange     '0.0.2',
120 silly addNameRange     '0.0.3',
120 silly addNameRange     '0.0.4',
120 silly addNameRange     '0.0.5',
120 silly addNameRange     '0.0.7',
120 silly addNameRange     '0.0.8',
120 silly addNameRange     '0.0.9',
120 silly addNameRange     '0.1.0',
120 silly addNameRange     '0.2.0',
120 silly addNameRange     '1.0.0',
120 silly addNameRange     '1.1.0',
120 silly addNameRange     '1.2.0',
120 silly addNameRange     '1.2.1',
120 silly addNameRange     '2.0.0',
120 silly addNameRange     '2.0.1',
120 silly addNameRange     '2.1.0',
120 silly addNameRange     '2.2.0',
120 silly addNameRange     '2.3.0',
120 silly addNameRange     '2.4.0',
120 silly addNameRange     '2.4.1',
120 silly addNameRange     '2.6.0',
120 silly addNameRange     '2.6.1',
120 silly addNameRange     '2.7.0',
120 silly addNameRange     '3.0.0',
120 silly addNameRange     '3.1.1',
120 silly addNameRange     '3.1.2',
120 silly addNameRange     '3.1.3',
120 silly addNameRange     '3.1.4',
120 silly addNameRange     '3.2.0',
120 silly addNameRange     '3.2.1',
120 silly addNameRange     '3.2.2',
120 silly addNameRange     '3.2.3',
120 silly addNameRange     '3.2.4',
120 silly addNameRange     '3.2.5',
120 silly addNameRange     '3.3.0',
120 silly addNameRange     '3.3.1',
120 silly addNameRange     '3.3.2',
120 silly addNameRange     '3.3.4',
120 silly addNameRange     '3.4.0',
120 silly addNameRange     '3.5.0',
120 silly addNameRange     '3.5.1',
120 silly addNameRange     '3.5.2',
120 silly addNameRange     '3.5.5',
120 silly addNameRange     '3.5.6',
120 silly addNameRange     '3.6.0',
120 silly addNameRange     '3.6.1',
120 silly addNameRange     '3.6.2',
120 silly addNameRange     '3.7.0',
120 silly addNameRange     '3.8.0',
120 silly addNameRange     '3.8.1',
120 silly addNameRange     '3.8.2',
120 silly addNameRange     '3.8.3',
120 silly addNameRange     '3.8.4',
120 silly addNameRange     '3.8.5',
120 silly addNameRange     '3.8.6',
120 silly addNameRange     '3.8.7',
120 silly addNameRange     '3.8.8',
120 silly addNameRange     '3.8.9',
120 silly addNameRange     '3.8.10',
120 silly addNameRange     '3.8.11' ] ]
121 verbose addNamed [ 'gulp', '3.8.11' ]
122 verbose addNamed [ '3.8.11', '3.8.11' ]
123 silly lockFile 3d31ec08-gulp-3-8-11 gulp@3.8.11
124 verbose lock gulp@3.8.11 /home/openovate-jernon/.npm/3d31ec08-gulp-3-8-11.lock
125 silly lockFile 3d31ec08-gulp-3-8-11 gulp@3.8.11
126 silly lockFile 3d31ec08-gulp-3-8-11 gulp@3.8.11
127 silly lockFile 28ac0b1b-gulp-3-5-6 gulp@^3.5.6
128 silly lockFile 28ac0b1b-gulp-3-5-6 gulp@^3.5.6
129 http 200 https://registry.npmjs.org/gulp-minify-css
130 silly registry.get cb [ 200,
130 silly registry.get   { date: 'Thu, 09 Apr 2015 06:41:48 GMT',
130 silly registry.get     server: 'CouchDB/1.5.0 (Erlang OTP/R16B03)',
130 silly registry.get     etag: '"A7F2OT4OQ7BWRV10JSJ9PNMLR"',
130 silly registry.get     'content-type': 'application/json',
130 silly registry.get     'cache-control': 'max-age=60',
130 silly registry.get     'content-length': '42277',
130 silly registry.get     'accept-ranges': 'bytes',
130 silly registry.get     via: '1.1 varnish',
130 silly registry.get     age: '0',
130 silly registry.get     'x-served-by': 'cache-hkg6826-HKG',
130 silly registry.get     'x-cache': 'HIT',
130 silly registry.get     'x-cache-hits': '1',
130 silly registry.get     'x-timer': 'S1428561708.136715,VS0,VE637',
130 silly registry.get     vary: 'Accept',
130 silly registry.get     'keep-alive': 'timeout=10, max=50',
130 silly registry.get     connection: 'Keep-Alive' } ]
131 silly addNameRange number 2 { name: 'gulp-minify-css',
131 silly addNameRange   range: '>=0.3.0-0 <0.4.0-0',
131 silly addNameRange   hasData: true }
132 silly addNameRange versions [ 'gulp-minify-css',
132 silly addNameRange   [ '0.0.1',
132 silly addNameRange     '0.1.0',
132 silly addNameRange     '0.2.0',
132 silly addNameRange     '0.3.0',
132 silly addNameRange     '0.3.1',
132 silly addNameRange     '0.3.2',
132 silly addNameRange     '0.3.3',
132 silly addNameRange     '0.3.4',
132 silly addNameRange     '0.3.5',
132 silly addNameRange     '0.3.6',
132 silly addNameRange     '0.3.7',
132 silly addNameRange     '0.3.8',
132 silly addNameRange     '0.3.9',
132 silly addNameRange     '0.3.10',
132 silly addNameRange     '0.3.11',
132 silly addNameRange     '0.3.12',
132 silly addNameRange     '0.3.13',
132 silly addNameRange     '0.4.0',
132 silly addNameRange     '0.4.1',
132 silly addNameRange     '0.4.2',
132 silly addNameRange     '0.4.3',
132 silly addNameRange     '0.4.4',
132 silly addNameRange     '0.4.5',
132 silly addNameRange     '0.4.6',
132 silly addNameRange     '0.5.0',
132 silly addNameRange     '0.5.1',
132 silly addNameRange     '1.0.0' ] ]
133 verbose addNamed [ 'gulp-minify-css', '0.3.13' ]
134 verbose addNamed [ '0.3.13', '0.3.13' ]
135 silly lockFile 9038a954-gulp-minify-css-0-3-13 gulp-minify-css@0.3.13
136 verbose lock gulp-minify-css@0.3.13 /home/openovate-jernon/.npm/9038a954-gulp-minify-css-0-3-13.lock
137 silly lockFile 8781e9f5-y-css-gulp-minify-css-0-3-13-tgz https://registry.npmjs.org/gulp-minify-css/-/gulp-minify-css-0.3.13.tgz
138 verbose lock https://registry.npmjs.org/gulp-minify-css/-/gulp-minify-css-0.3.13.tgz /home/openovate-jernon/.npm/8781e9f5-y-css-gulp-minify-css-0-3-13-tgz.lock
139 verbose addRemoteTarball [ 'https://registry.npmjs.org/gulp-minify-css/-/gulp-minify-css-0.3.13.tgz',
139 verbose addRemoteTarball   'ba813c665422868305383ccd185f239c1e35209b' ]
140 info retry fetch attempt 1 at 14:41:49
141 verbose fetch to= /tmp/npm-9075-fCRSiC_g/registry.npmjs.org/gulp-minify-css/-/gulp-minify-css-0.3.13.tgz
142 http GET https://registry.npmjs.org/gulp-minify-css/-/gulp-minify-css-0.3.13.tgz
143 http 200 https://registry.npmjs.org/gulp-rename
144 silly registry.get cb [ 200,
144 silly registry.get   { date: 'Thu, 09 Apr 2015 06:41:49 GMT',
144 silly registry.get     server: 'CouchDB/1.5.0 (Erlang OTP/R16B03)',
144 silly registry.get     etag: '"6K0IEFAMURDDK4TSYIJ6N4V2U"',
144 silly registry.get     'content-type': 'application/json',
144 silly registry.get     'cache-control': 'max-age=60',
144 silly registry.get     'content-length': '11884',
144 silly registry.get     'accept-ranges': 'bytes',
144 silly registry.get     via: '1.1 varnish',
144 silly registry.get     age: '0',
144 silly registry.get     'x-served-by': 'cache-hkg6821-HKG',
144 silly registry.get     'x-cache': 'HIT',
144 silly registry.get     'x-cache-hits': '1',
144 silly registry.get     'x-timer': 'S1428561708.197182,VS0,VE1007',
144 silly registry.get     vary: 'Accept',
144 silly registry.get     'keep-alive': 'timeout=10, max=50',
144 silly registry.get     connection: 'Keep-Alive' } ]
145 silly addNameRange number 2 { name: 'gulp-rename',
145 silly addNameRange   range: '>=1.2.0-0 <2.0.0-0',
145 silly addNameRange   hasData: true }
146 silly addNameRange versions [ 'gulp-rename',
146 silly addNameRange   [ '0.1.0', '0.2.1', '0.2.2', '1.0.0', '1.1.0', '1.2.0', '1.2.2' ] ]
147 verbose addNamed [ 'gulp-rename', '1.2.2' ]
148 verbose addNamed [ '1.2.2', '1.2.2' ]
149 silly lockFile 36a270fc-gulp-rename-1-2-2 gulp-rename@1.2.2
150 verbose lock gulp-rename@1.2.2 /home/openovate-jernon/.npm/36a270fc-gulp-rename-1-2-2.lock
151 silly lockFile 12c1b996-ulp-rename-gulp-rename-1-2-2-tgz https://registry.npmjs.org/gulp-rename/-/gulp-rename-1.2.2.tgz
152 verbose lock https://registry.npmjs.org/gulp-rename/-/gulp-rename-1.2.2.tgz /home/openovate-jernon/.npm/12c1b996-ulp-rename-gulp-rename-1-2-2-tgz.lock
153 verbose addRemoteTarball [ 'https://registry.npmjs.org/gulp-rename/-/gulp-rename-1.2.2.tgz',
153 verbose addRemoteTarball   '3ad4428763f05e2764dec1c67d868db275687817' ]
154 info retry fetch attempt 1 at 14:41:49
155 verbose fetch to= /tmp/npm-9075-fCRSiC_g/registry.npmjs.org/gulp-rename/-/gulp-rename-1.2.2.tgz
156 http GET https://registry.npmjs.org/gulp-rename/-/gulp-rename-1.2.2.tgz
157 http 200 https://registry.npmjs.org/gulp-sass
158 silly registry.get cb [ 200,
158 silly registry.get   { date: 'Thu, 09 Apr 2015 06:41:49 GMT',
158 silly registry.get     server: 'CouchDB/1.5.0 (Erlang OTP/R16B03)',
158 silly registry.get     etag: '"E0IQD3MBOGT0Q2JJ76QWJMUJ2"',
158 silly registry.get     'content-type': 'application/json',
158 silly registry.get     'cache-control': 'max-age=60',
158 silly registry.get     'content-length': '33299',
158 silly registry.get     'accept-ranges': 'bytes',
158 silly registry.get     via: '1.1 varnish',
158 silly registry.get     age: '0',
158 silly registry.get     'x-served-by': 'cache-hkg6825-HKG',
158 silly registry.get     'x-cache': 'HIT',
158 silly registry.get     'x-cache-hits': '1',
158 silly registry.get     'x-timer': 'S1428561708.156259,VS0,VE1082',
158 silly registry.get     vary: 'Accept',
158 silly registry.get     'keep-alive': 'timeout=10, max=50',
158 silly registry.get     connection: 'Keep-Alive' } ]
159 silly addNameRange number 2 { name: 'gulp-sass', range: '>=0.7.1-0 <0.8.0-0', hasData: true }
160 silly addNameRange versions [ 'gulp-sass',
160 silly addNameRange   [ '0.1.0',
160 silly addNameRange     '0.2.1',
160 silly addNameRange     '0.2.2',
160 silly addNameRange     '0.2.3',
160 silly addNameRange     '0.3.0',
160 silly addNameRange     '0.4.0',
160 silly addNameRange     '0.4.1',
160 silly addNameRange     '0.5.0',
160 silly addNameRange     '0.5.1',
160 silly addNameRange     '0.5.2',
160 silly addNameRange     '0.6.0',
160 silly addNameRange     '0.7.0',
160 silly addNameRange     '0.7.1',
160 silly addNameRange     '0.7.2',
160 silly addNameRange     '0.7.3',
160 silly addNameRange     '1.0.0',
160 silly addNameRange     '1.1.0',
160 silly addNameRange     '1.2.0',
160 silly addNameRange     '1.2.1',
160 silly addNameRange     '1.2.2',
160 silly addNameRange     '1.2.3',
160 silly addNameRange     '1.2.4',
160 silly addNameRange     '1.3.0',
160 silly addNameRange     '1.3.1',
160 silly addNameRange     '1.3.2',
160 silly addNameRange     '1.3.3',
160 silly addNameRange     '2.0.0-alpha.1' ] ]
161 verbose addNamed [ 'gulp-sass', '0.7.3' ]
162 verbose addNamed [ '0.7.3', '0.7.3' ]
163 silly lockFile 721f0c96-gulp-sass-0-7-3 gulp-sass@0.7.3
164 verbose lock gulp-sass@0.7.3 /home/openovate-jernon/.npm/721f0c96-gulp-sass-0-7-3.lock
165 silly lockFile d66f14f4-rg-gulp-sass-gulp-sass-0-7-3-tgz https://registry.npmjs.org/gulp-sass/-/gulp-sass-0.7.3.tgz
166 verbose lock https://registry.npmjs.org/gulp-sass/-/gulp-sass-0.7.3.tgz /home/openovate-jernon/.npm/d66f14f4-rg-gulp-sass-gulp-sass-0-7-3-tgz.lock
167 verbose addRemoteTarball [ 'https://registry.npmjs.org/gulp-sass/-/gulp-sass-0.7.3.tgz',
167 verbose addRemoteTarball   '4bfbb4e4d95a40be8beeebe07e8e477e7f7a2edc' ]
168 info retry fetch attempt 1 at 14:41:49
169 verbose fetch to= /tmp/npm-9075-fCRSiC_g/registry.npmjs.org/gulp-sass/-/gulp-sass-0.7.3.tgz
170 http GET https://registry.npmjs.org/gulp-sass/-/gulp-sass-0.7.3.tgz
171 http 200 https://registry.npmjs.org/gulp-rename/-/gulp-rename-1.2.2.tgz
172 silly lockFile 12c1b996-ulp-rename-gulp-rename-1-2-2-tgz https://registry.npmjs.org/gulp-rename/-/gulp-rename-1.2.2.tgz
173 silly lockFile 12c1b996-ulp-rename-gulp-rename-1-2-2-tgz https://registry.npmjs.org/gulp-rename/-/gulp-rename-1.2.2.tgz
174 silly lockFile 36a270fc-gulp-rename-1-2-2 gulp-rename@1.2.2
175 silly lockFile 36a270fc-gulp-rename-1-2-2 gulp-rename@1.2.2
176 silly lockFile 31cef36d-gulp-rename-1-2-0 gulp-rename@^1.2.0
177 silly lockFile 31cef36d-gulp-rename-1-2-0 gulp-rename@^1.2.0
178 http 200 https://registry.npmjs.org/gulp-sass/-/gulp-sass-0.7.3.tgz
179 silly lockFile d66f14f4-rg-gulp-sass-gulp-sass-0-7-3-tgz https://registry.npmjs.org/gulp-sass/-/gulp-sass-0.7.3.tgz
180 silly lockFile d66f14f4-rg-gulp-sass-gulp-sass-0-7-3-tgz https://registry.npmjs.org/gulp-sass/-/gulp-sass-0.7.3.tgz
181 silly lockFile 721f0c96-gulp-sass-0-7-3 gulp-sass@0.7.3
182 silly lockFile 721f0c96-gulp-sass-0-7-3 gulp-sass@0.7.3
183 silly lockFile 77100620-gulp-sass-0-7-1 gulp-sass@^0.7.1
184 silly lockFile 77100620-gulp-sass-0-7-1 gulp-sass@^0.7.1
185 http 200 https://registry.npmjs.org/gulp-minify-css/-/gulp-minify-css-0.3.13.tgz
186 silly lockFile 8781e9f5-y-css-gulp-minify-css-0-3-13-tgz https://registry.npmjs.org/gulp-minify-css/-/gulp-minify-css-0.3.13.tgz
187 silly lockFile 8781e9f5-y-css-gulp-minify-css-0-3-13-tgz https://registry.npmjs.org/gulp-minify-css/-/gulp-minify-css-0.3.13.tgz
188 silly lockFile 9038a954-gulp-minify-css-0-3-13 gulp-minify-css@0.3.13
189 silly lockFile 9038a954-gulp-minify-css-0-3-13 gulp-minify-css@0.3.13
190 silly lockFile 97140670-gulp-minify-css-0-3-0 gulp-minify-css@^0.3.0
191 silly lockFile 97140670-gulp-minify-css-0-3-0 gulp-minify-css@^0.3.0
192 error Error: EACCES, mkdir '/home/openovate-jernon/.npm/gulp-rename/1.2.2'
192 error  { [Error: EACCES, mkdir '/home/openovate-jernon/.npm/gulp-rename/1.2.2']
192 error   errno: 3,
192 error   code: 'EACCES',
192 error   path: '/home/openovate-jernon/.npm/gulp-rename/1.2.2',
192 error   parent: 'ionic-project' }
193 error Please try running this command again as root/Administrator.
194 error System Linux 3.2.0-79-generic
195 error command "/usr/bin/node" "/usr/bin/npm" "install"
196 error cwd /home/openovate-jernon/projects/camera
197 error node -v v0.10.37
198 error npm -v 1.4.28
199 error path /home/openovate-jernon/.npm/gulp-rename/1.2.2
200 error code EACCES
201 error errno 3
202 error stack Error: EACCES, mkdir '/home/openovate-jernon/.npm/gulp-rename/1.2.2'
203 verbose exit [ 3, true ]
